<?xml version="1.0" encoding="UTF-8" ?>
<testsuite tests="4" failures="0" name="teste.TestaCalculadora" time="0.023" errors="0" skipped="0">
  <properties>
[...]
</properties>
  <testcase classname="teste.TestaCalculadora" name="teste.TestaCalculadora.testSubtrair" time="0.022"/>
  <testcase classname="teste.TestaCalculadora" name="teste.TestaCalculadora.testMultiplicar" time="0"/>
  <testcase classname="teste.TestaCalculadora" name="teste.TestaCalculadora.testDivisao" time="0.001"/>
  <testcase classname="teste.TestaCalculadora" name="teste.TestaCalculadora.testSomar" time="0"/>
</testsuite>